c:\users\tian\desktop\小林coding\又是作业\编译原理\4班-20192131013-梁添-实验四\tiny源程序\tinysyntax\x64\debug\tinysyntax.pch
c:\users\tian\desktop\小林coding\又是作业\编译原理\4班-20192131013-梁添-实验四\tiny源程序\tinysyntax\x64\debug\vc142.pdb
c:\users\tian\desktop\小林coding\又是作业\编译原理\4班-20192131013-梁添-实验四\tiny源程序\tinysyntax\x64\debug\vc142.idb
c:\users\tian\desktop\小林coding\又是作业\编译原理\4班-20192131013-梁添-实验四\tiny源程序\tinysyntax\x64\debug\stdafx.obj
c:\users\tian\desktop\小林coding\又是作业\编译原理\4班-20192131013-梁添-实验四\tiny源程序\tinysyntax\x64\debug\util.obj
c:\users\tian\desktop\小林coding\又是作业\编译原理\4班-20192131013-梁添-实验四\tiny源程序\tinysyntax\x64\debug\tinysyntaxdlg.obj
c:\users\tian\desktop\小林coding\又是作业\编译原理\4班-20192131013-梁添-实验四\tiny源程序\tinysyntax\x64\debug\tinysyntax.obj
c:\users\tian\desktop\小林coding\又是作业\编译原理\4班-20192131013-梁添-实验四\tiny源程序\tinysyntax\x64\debug\scan.obj
c:\users\tian\desktop\小林coding\又是作业\编译原理\4班-20192131013-梁添-实验四\tiny源程序\tinysyntax\x64\debug\parse.obj
c:\users\tian\desktop\小林coding\又是作业\编译原理\4班-20192131013-梁添-实验四\tiny源程序\tinysyntax\x64\debug\analyse.obj
c:\users\tian\desktop\小林coding\又是作业\编译原理\4班-20192131013-梁添-实验四\tiny源程序\x64\debug\tinysyntax.ilk
c:\users\tian\desktop\小林coding\又是作业\编译原理\4班-20192131013-梁添-实验四\tiny源程序\x64\debug\tinysyntax.exe
c:\users\tian\desktop\小林coding\又是作业\编译原理\4班-20192131013-梁添-实验四\tiny源程序\x64\debug\tinysyntax.pdb
c:\users\tian\desktop\小林coding\又是作业\编译原理\4班-20192131013-梁添-实验四\tiny源程序\tinysyntax\x64\debug\tinysyntax.res
c:\users\tian\desktop\小林coding\又是作业\编译原理\4班-20192131013-梁添-实验四\tiny源程序\tinysyntax\x64\debug\tinysyntax.tlog\cl.command.1.tlog
c:\users\tian\desktop\小林coding\又是作业\编译原理\4班-20192131013-梁添-实验四\tiny源程序\tinysyntax\x64\debug\tinysyntax.tlog\cl.read.1.tlog
c:\users\tian\desktop\小林coding\又是作业\编译原理\4班-20192131013-梁添-实验四\tiny源程序\tinysyntax\x64\debug\tinysyntax.tlog\cl.write.1.tlog
c:\users\tian\desktop\小林coding\又是作业\编译原理\4班-20192131013-梁添-实验四\tiny源程序\tinysyntax\x64\debug\tinysyntax.tlog\link.command.1.tlog
c:\users\tian\desktop\小林coding\又是作业\编译原理\4班-20192131013-梁添-实验四\tiny源程序\tinysyntax\x64\debug\tinysyntax.tlog\link.read.1.tlog
c:\users\tian\desktop\小林coding\又是作业\编译原理\4班-20192131013-梁添-实验四\tiny源程序\tinysyntax\x64\debug\tinysyntax.tlog\link.write.1.tlog
c:\users\tian\desktop\小林coding\又是作业\编译原理\4班-20192131013-梁添-实验四\tiny源程序\tinysyntax\x64\debug\tinysyntax.tlog\rc.command.1.tlog
c:\users\tian\desktop\小林coding\又是作业\编译原理\4班-20192131013-梁添-实验四\tiny源程序\tinysyntax\x64\debug\tinysyntax.tlog\rc.read.1.tlog
c:\users\tian\desktop\小林coding\又是作业\编译原理\4班-20192131013-梁添-实验四\tiny源程序\tinysyntax\x64\debug\tinysyntax.tlog\rc.write.1.tlog
